{"/Users/GABIN/Documents/Projects/formations/ReactJs/react-decat-sport/src/App.js": {"path":"/Users/GABIN/Documents/Projects/formations/ReactJs/react-decat-sport/src/App.js","statementMap":{"0":{"start":{"line":10,"column":12},"end":{"line":23,"column":1}},"1":{"start":{"line":11,"column":2},"end":{"line":22,"column":3}}},"fnMap":{"0":{"name":"(anonymous_0)","decl":{"start":{"line":10,"column":12},"end":{"line":10,"column":13}},"loc":{"start":{"line":10,"column":18},"end":{"line":23,"column":1}},"line":10}},"branchMap":{},"s":{"0":0,"1":0},"f":{"0":0},"b":{},"hash":"f09f273e188f8f8cca8492ef91aca6183e03e13b"}
,"/Users/GABIN/Documents/Projects/formations/ReactJs/react-decat-sport/src/index.js": {"path":"/Users/GABIN/Documents/Projects/formations/ReactJs/react-decat-sport/src/index.js","statementMap":{"0":{"start":{"line":7,"column":0},"end":{"line":7,"column":58}},"1":{"start":{"line":12,"column":0},"end":{"line":12,"column":27}}},"fnMap":{},"branchMap":{},"s":{"0":0,"1":0},"f":{},"b":{},"hash":"bbd62db8f0444aa6d54d0d9c50ef3861fcb51288"}
,"/Users/GABIN/Documents/Projects/formations/ReactJs/react-decat-sport/src/serviceWorker.js": {"path":"/Users/GABIN/Documents/Projects/formations/ReactJs/react-decat-sport/src/serviceWorker.js","statementMap":{"0":{"start":{"line":13,"column":20},"end":{"line":21,"column":1}},"1":{"start":{"line":24,"column":2},"end":{"line":54,"column":3}},"2":{"start":{"line":26,"column":22},"end":{"line":26,"column":75}},"3":{"start":{"line":27,"column":4},"end":{"line":32,"column":5}},"4":{"start":{"line":31,"column":6},"end":{"line":31,"column":13}},"5":{"start":{"line":34,"column":4},"end":{"line":53,"column":7}},"6":{"start":{"line":35,"column":20},"end":{"line":35,"column":65}},"7":{"start":{"line":37,"column":6},"end":{"line":52,"column":7}},"8":{"start":{"line":39,"column":8},"end":{"line":39,"column":47}},"9":{"start":{"line":43,"column":8},"end":{"line":48,"column":11}},"10":{"start":{"line":44,"column":10},"end":{"line":47,"column":12}},"11":{"start":{"line":51,"column":8},"end":{"line":51,"column":39}},"12":{"start":{"line":58,"column":2},"end":{"line":98,"column":7}},"13":{"start":{"line":61,"column":6},"end":{"line":94,"column":8}},"14":{"start":{"line":62,"column":33},"end":{"line":62,"column":56}},"15":{"start":{"line":63,"column":8},"end":{"line":65,"column":9}},"16":{"start":{"line":64,"column":10},"end":{"line":64,"column":17}},"17":{"start":{"line":66,"column":8},"end":{"line":93,"column":10}},"18":{"start":{"line":67,"column":10},"end":{"line":92,"column":11}},"19":{"start":{"line":68,"column":12},"end":{"line":91,"column":13}},"20":{"start":{"line":72,"column":14},"end":{"line":75,"column":16}},"21":{"start":{"line":78,"column":14},"end":{"line":80,"column":15}},"22":{"start":{"line":79,"column":16},"end":{"line":79,"column":46}},"23":{"start":{"line":85,"column":14},"end":{"line":85,"column":64}},"24":{"start":{"line":88,"column":14},"end":{"line":90,"column":15}},"25":{"start":{"line":89,"column":16},"end":{"line":89,"column":47}},"26":{"start":{"line":97,"column":6},"end":{"line":97,"column":72}},"27":{"start":{"line":103,"column":2},"end":{"line":128,"column":7}},"28":{"start":{"line":108,"column":26},"end":{"line":108,"column":62}},"29":{"start":{"line":109,"column":6},"end":{"line":122,"column":7}},"30":{"start":{"line":114,"column":8},"end":{"line":118,"column":11}},"31":{"start":{"line":115,"column":10},"end":{"line":117,"column":13}},"32":{"start":{"line":116,"column":12},"end":{"line":116,"column":37}},"33":{"start":{"line":121,"column":8},"end":{"line":121,"column":39}},"34":{"start":{"line":125,"column":6},"end":{"line":127,"column":8}},"35":{"start":{"line":132,"column":2},"end":{"line":136,"column":3}},"36":{"start":{"line":133,"column":4},"end":{"line":135,"column":7}},"37":{"start":{"line":134,"column":6},"end":{"line":134,"column":32}}},"fnMap":{"0":{"name":"register","decl":{"start":{"line":23,"column":16},"end":{"line":23,"column":24}},"loc":{"start":{"line":23,"column":33},"end":{"line":55,"column":1}},"line":23},"1":{"name":"(anonymous_1)","decl":{"start":{"line":34,"column":36},"end":{"line":34,"column":37}},"loc":{"start":{"line":34,"column":42},"end":{"line":53,"column":5}},"line":34},"2":{"name":"(anonymous_2)","decl":{"start":{"line":43,"column":43},"end":{"line":43,"column":44}},"loc":{"start":{"line":43,"column":49},"end":{"line":48,"column":9}},"line":43},"3":{"name":"registerValidSW","decl":{"start":{"line":57,"column":9},"end":{"line":57,"column":24}},"loc":{"start":{"line":57,"column":40},"end":{"line":99,"column":1}},"line":57},"4":{"name":"(anonymous_4)","decl":{"start":{"line":60,"column":10},"end":{"line":60,"column":11}},"loc":{"start":{"line":60,"column":26},"end":{"line":95,"column":5}},"line":60},"5":{"name":"(anonymous_5)","decl":{"start":{"line":61,"column":35},"end":{"line":61,"column":36}},"loc":{"start":{"line":61,"column":41},"end":{"line":94,"column":7}},"line":61},"6":{"name":"(anonymous_6)","decl":{"start":{"line":66,"column":41},"end":{"line":66,"column":42}},"loc":{"start":{"line":66,"column":47},"end":{"line":93,"column":9}},"line":66},"7":{"name":"(anonymous_7)","decl":{"start":{"line":96,"column":11},"end":{"line":96,"column":12}},"loc":{"start":{"line":96,"column":20},"end":{"line":98,"column":5}},"line":96},"8":{"name":"checkValidServiceWorker","decl":{"start":{"line":101,"column":9},"end":{"line":101,"column":32}},"loc":{"start":{"line":101,"column":48},"end":{"line":129,"column":1}},"line":101},"9":{"name":"(anonymous_9)","decl":{"start":{"line":106,"column":10},"end":{"line":106,"column":11}},"loc":{"start":{"line":106,"column":22},"end":{"line":123,"column":5}},"line":106},"10":{"name":"(anonymous_10)","decl":{"start":{"line":114,"column":43},"end":{"line":114,"column":44}},"loc":{"start":{"line":114,"column":59},"end":{"line":118,"column":9}},"line":114},"11":{"name":"(anonymous_11)","decl":{"start":{"line":115,"column":41},"end":{"line":115,"column":42}},"loc":{"start":{"line":115,"column":47},"end":{"line":117,"column":11}},"line":115},"12":{"name":"(anonymous_12)","decl":{"start":{"line":124,"column":11},"end":{"line":124,"column":12}},"loc":{"start":{"line":124,"column":17},"end":{"line":128,"column":5}},"line":124},"13":{"name":"unregister","decl":{"start":{"line":131,"column":16},"end":{"line":131,"column":26}},"loc":{"start":{"line":131,"column":29},"end":{"line":137,"column":1}},"line":131},"14":{"name":"(anonymous_14)","decl":{"start":{"line":133,"column":39},"end":{"line":133,"column":40}},"loc":{"start":{"line":133,"column":55},"end":{"line":135,"column":5}},"line":133}},"branchMap":{"0":{"loc":{"start":{"line":14,"column":2},"end":{"line":20,"column":5}},"type":"binary-expr","locations":[{"start":{"line":14,"column":2},"end":{"line":14,"column":42}},{"start":{"line":16,"column":4},"end":{"line":16,"column":40}},{"start":{"line":18,"column":4},"end":{"line":20,"column":5}}],"line":14},"1":{"loc":{"start":{"line":24,"column":2},"end":{"line":54,"column":3}},"type":"if","locations":[{"start":{"line":24,"column":2},"end":{"line":54,"column":3}},{"start":{"line":24,"column":2},"end":{"line":54,"column":3}}],"line":24},"2":{"loc":{"start":{"line":24,"column":6},"end":{"line":24,"column":75}},"type":"binary-expr","locations":[{"start":{"line":24,"column":6},"end":{"line":24,"column":43}},{"start":{"line":24,"column":47},"end":{"line":24,"column":75}}],"line":24},"3":{"loc":{"start":{"line":27,"column":4},"end":{"line":32,"column":5}},"type":"if","locations":[{"start":{"line":27,"column":4},"end":{"line":32,"column":5}},{"start":{"line":27,"column":4},"end":{"line":32,"column":5}}],"line":27},"4":{"loc":{"start":{"line":37,"column":6},"end":{"line":52,"column":7}},"type":"if","locations":[{"start":{"line":37,"column":6},"end":{"line":52,"column":7}},{"start":{"line":37,"column":6},"end":{"line":52,"column":7}}],"line":37},"5":{"loc":{"start":{"line":63,"column":8},"end":{"line":65,"column":9}},"type":"if","locations":[{"start":{"line":63,"column":8},"end":{"line":65,"column":9}},{"start":{"line":63,"column":8},"end":{"line":65,"column":9}}],"line":63},"6":{"loc":{"start":{"line":67,"column":10},"end":{"line":92,"column":11}},"type":"if","locations":[{"start":{"line":67,"column":10},"end":{"line":92,"column":11}},{"start":{"line":67,"column":10},"end":{"line":92,"column":11}}],"line":67},"7":{"loc":{"start":{"line":68,"column":12},"end":{"line":91,"column":13}},"type":"if","locations":[{"start":{"line":68,"column":12},"end":{"line":91,"column":13}},{"start":{"line":68,"column":12},"end":{"line":91,"column":13}}],"line":68},"8":{"loc":{"start":{"line":78,"column":14},"end":{"line":80,"column":15}},"type":"if","locations":[{"start":{"line":78,"column":14},"end":{"line":80,"column":15}},{"start":{"line":78,"column":14},"end":{"line":80,"column":15}}],"line":78},"9":{"loc":{"start":{"line":78,"column":18},"end":{"line":78,"column":43}},"type":"binary-expr","locations":[{"start":{"line":78,"column":18},"end":{"line":78,"column":24}},{"start":{"line":78,"column":28},"end":{"line":78,"column":43}}],"line":78},"10":{"loc":{"start":{"line":88,"column":14},"end":{"line":90,"column":15}},"type":"if","locations":[{"start":{"line":88,"column":14},"end":{"line":90,"column":15}},{"start":{"line":88,"column":14},"end":{"line":90,"column":15}}],"line":88},"11":{"loc":{"start":{"line":88,"column":18},"end":{"line":88,"column":44}},"type":"binary-expr","locations":[{"start":{"line":88,"column":18},"end":{"line":88,"column":24}},{"start":{"line":88,"column":28},"end":{"line":88,"column":44}}],"line":88},"12":{"loc":{"start":{"line":109,"column":6},"end":{"line":122,"column":7}},"type":"if","locations":[{"start":{"line":109,"column":6},"end":{"line":122,"column":7}},{"start":{"line":109,"column":6},"end":{"line":122,"column":7}}],"line":109},"13":{"loc":{"start":{"line":110,"column":8},"end":{"line":111,"column":73}},"type":"binary-expr","locations":[{"start":{"line":110,"column":8},"end":{"line":110,"column":31}},{"start":{"line":111,"column":9},"end":{"line":111,"column":28}},{"start":{"line":111,"column":32},"end":{"line":111,"column":72}}],"line":110},"14":{"loc":{"start":{"line":132,"column":2},"end":{"line":136,"column":3}},"type":"if","locations":[{"start":{"line":132,"column":2},"end":{"line":136,"column":3}},{"start":{"line":132,"column":2},"end":{"line":136,"column":3}}],"line":132}},"s":{"0":0,"1":0,"2":0,"3":0,"4":0,"5":0,"6":0,"7":0,"8":0,"9":0,"10":0,"11":0,"12":0,"13":0,"14":0,"15":0,"16":0,"17":0,"18":0,"19":0,"20":0,"21":0,"22":0,"23":0,"24":0,"25":0,"26":0,"27":0,"28":0,"29":0,"30":0,"31":0,"32":0,"33":0,"34":0,"35":0,"36":0,"37":0},"f":{"0":0,"1":0,"2":0,"3":0,"4":0,"5":0,"6":0,"7":0,"8":0,"9":0,"10":0,"11":0,"12":0,"13":0,"14":0},"b":{"0":[0,0,0],"1":[0,0],"2":[0,0],"3":[0,0],"4":[0,0],"5":[0,0],"6":[0,0],"7":[0,0],"8":[0,0],"9":[0,0],"10":[0,0],"11":[0,0],"12":[0,0],"13":[0,0,0],"14":[0,0]},"hash":"4b23d3ddf841c0b80e93082ccdae308d4b814918"}
,"/Users/GABIN/Documents/Projects/formations/ReactJs/react-decat-sport/src/components/input-autocomplete/index.js": {"path":"/Users/GABIN/Documents/Projects/formations/ReactJs/react-decat-sport/src/components/input-autocomplete/index.js","statementMap":{"0":{"start":{"line":5,"column":21},"end":{"line":7,"column":3}},"1":{"start":{"line":9,"column":24},"end":{"line":11,"column":3}},"2":{"start":{"line":14,"column":4},"end":{"line":14,"column":17}},"3":{"start":{"line":16,"column":4},"end":{"line":25,"column":6}},"4":{"start":{"line":29,"column":13},"end":{"line":47,"column":3}},"5":{"start":{"line":30,"column":28},"end":{"line":30,"column":38}},"6":{"start":{"line":31,"column":22},"end":{"line":31,"column":43}},"7":{"start":{"line":34,"column":32},"end":{"line":37,"column":5}},"8":{"start":{"line":36,"column":8},"end":{"line":36,"column":70}},"9":{"start":{"line":41,"column":4},"end":{"line":46,"column":7}},"10":{"start":{"line":50,"column":12},"end":{"line":58,"column":3}},"11":{"start":{"line":52,"column":4},"end":{"line":57,"column":7}},"12":{"start":{"line":61,"column":14},"end":{"line":89,"column":3}},"13":{"start":{"line":62,"column":54},"end":{"line":62,"column":64}},"14":{"start":{"line":66,"column":4},"end":{"line":88,"column":5}},"15":{"start":{"line":67,"column":6},"end":{"line":71,"column":9}},"16":{"start":{"line":74,"column":9},"end":{"line":88,"column":5}},"17":{"start":{"line":75,"column":6},"end":{"line":77,"column":7}},"18":{"start":{"line":76,"column":8},"end":{"line":76,"column":15}},"19":{"start":{"line":79,"column":6},"end":{"line":79,"column":64}},"20":{"start":{"line":82,"column":9},"end":{"line":88,"column":5}},"21":{"start":{"line":83,"column":6},"end":{"line":85,"column":7}},"22":{"start":{"line":84,"column":8},"end":{"line":84,"column":15}},"23":{"start":{"line":87,"column":6},"end":{"line":87,"column":64}},"24":{"start":{"line":102,"column":8},"end":{"line":102,"column":12}},"25":{"start":{"line":106,"column":4},"end":{"line":137,"column":5}},"26":{"start":{"line":107,"column":6},"end":{"line":136,"column":7}},"27":{"start":{"line":108,"column":8},"end":{"line":129,"column":10}},"28":{"start":{"line":114,"column":14},"end":{"line":116,"column":15}},"29":{"start":{"line":115,"column":16},"end":{"line":115,"column":48}},"30":{"start":{"line":118,"column":14},"end":{"line":126,"column":16}},"31":{"start":{"line":131,"column":8},"end":{"line":135,"column":10}},"32":{"start":{"line":139,"column":4},"end":{"line":149,"column":6}}},"fnMap":{"0":{"name":"(anonymous_0)","decl":{"start":{"line":13,"column":2},"end":{"line":13,"column":3}},"loc":{"start":{"line":13,"column":21},"end":{"line":26,"column":3}},"line":13},"1":{"name":"(anonymous_1)","decl":{"start":{"line":29,"column":13},"end":{"line":29,"column":14}},"loc":{"start":{"line":29,"column":18},"end":{"line":47,"column":3}},"line":29},"2":{"name":"(anonymous_2)","decl":{"start":{"line":35,"column":6},"end":{"line":35,"column":7}},"loc":{"start":{"line":36,"column":8},"end":{"line":36,"column":70}},"line":36},"3":{"name":"(anonymous_3)","decl":{"start":{"line":50,"column":12},"end":{"line":50,"column":13}},"loc":{"start":{"line":50,"column":17},"end":{"line":58,"column":3}},"line":50},"4":{"name":"(anonymous_4)","decl":{"start":{"line":61,"column":14},"end":{"line":61,"column":15}},"loc":{"start":{"line":61,"column":19},"end":{"line":89,"column":3}},"line":61},"5":{"name":"(anonymous_5)","decl":{"start":{"line":91,"column":2},"end":{"line":91,"column":3}},"loc":{"start":{"line":91,"column":11},"end":{"line":150,"column":3}},"line":91},"6":{"name":"(anonymous_6)","decl":{"start":{"line":110,"column":37},"end":{"line":110,"column":38}},"loc":{"start":{"line":110,"column":60},"end":{"line":127,"column":13}},"line":110}},"branchMap":{"0":{"loc":{"start":{"line":66,"column":4},"end":{"line":88,"column":5}},"type":"if","locations":[{"start":{"line":66,"column":4},"end":{"line":88,"column":5}},{"start":{"line":66,"column":4},"end":{"line":88,"column":5}}],"line":66},"1":{"loc":{"start":{"line":74,"column":9},"end":{"line":88,"column":5}},"type":"if","locations":[{"start":{"line":74,"column":9},"end":{"line":88,"column":5}},{"start":{"line":74,"column":9},"end":{"line":88,"column":5}}],"line":74},"2":{"loc":{"start":{"line":75,"column":6},"end":{"line":77,"column":7}},"type":"if","locations":[{"start":{"line":75,"column":6},"end":{"line":77,"column":7}},{"start":{"line":75,"column":6},"end":{"line":77,"column":7}}],"line":75},"3":{"loc":{"start":{"line":82,"column":9},"end":{"line":88,"column":5}},"type":"if","locations":[{"start":{"line":82,"column":9},"end":{"line":88,"column":5}},{"start":{"line":82,"column":9},"end":{"line":88,"column":5}}],"line":82},"4":{"loc":{"start":{"line":83,"column":6},"end":{"line":85,"column":7}},"type":"if","locations":[{"start":{"line":83,"column":6},"end":{"line":85,"column":7}},{"start":{"line":83,"column":6},"end":{"line":85,"column":7}}],"line":83},"5":{"loc":{"start":{"line":106,"column":4},"end":{"line":137,"column":5}},"type":"if","locations":[{"start":{"line":106,"column":4},"end":{"line":137,"column":5}},{"start":{"line":106,"column":4},"end":{"line":137,"column":5}}],"line":106},"6":{"loc":{"start":{"line":106,"column":8},"end":{"line":106,"column":36}},"type":"binary-expr","locations":[{"start":{"line":106,"column":8},"end":{"line":106,"column":23}},{"start":{"line":106,"column":27},"end":{"line":106,"column":36}}],"line":106},"7":{"loc":{"start":{"line":107,"column":6},"end":{"line":136,"column":7}},"type":"if","locations":[{"start":{"line":107,"column":6},"end":{"line":136,"column":7}},{"start":{"line":107,"column":6},"end":{"line":136,"column":7}}],"line":107},"8":{"loc":{"start":{"line":114,"column":14},"end":{"line":116,"column":15}},"type":"if","locations":[{"start":{"line":114,"column":14},"end":{"line":116,"column":15}},{"start":{"line":114,"column":14},"end":{"line":116,"column":15}}],"line":114}},"s":{"0":0,"1":0,"2":0,"3":0,"4":0,"5":0,"6":0,"7":0,"8":0,"9":0,"10":0,"11":0,"12":0,"13":0,"14":0,"15":0,"16":0,"17":0,"18":0,"19":0,"20":0,"21":0,"22":0,"23":0,"24":0,"25":0,"26":0,"27":0,"28":0,"29":0,"30":0,"31":0,"32":0},"f":{"0":0,"1":0,"2":0,"3":0,"4":0,"5":0,"6":0},"b":{"0":[0,0],"1":[0,0],"2":[0,0],"3":[0,0],"4":[0,0],"5":[0,0],"6":[0,0],"7":[0,0],"8":[0,0]},"hash":"10442432ff8ce668f1d40a79286eefc9ce5b452c"}
,"/Users/GABIN/Documents/Projects/formations/ReactJs/react-decat-sport/src/components/leftbar/index.js": {"path":"/Users/GABIN/Documents/Projects/formations/ReactJs/react-decat-sport/src/components/leftbar/index.js","statementMap":{"0":{"start":{"line":6,"column":16},"end":{"line":13,"column":1}},"1":{"start":{"line":7,"column":2},"end":{"line":12,"column":4}}},"fnMap":{"0":{"name":"(anonymous_0)","decl":{"start":{"line":6,"column":16},"end":{"line":6,"column":17}},"loc":{"start":{"line":6,"column":42},"end":{"line":13,"column":1}},"line":6}},"branchMap":{},"s":{"0":0,"1":0},"f":{"0":0},"b":{},"hash":"4412d2e6d61c5a0434f8c2697da967793005cf52"}
,"/Users/GABIN/Documents/Projects/formations/ReactJs/react-decat-sport/src/components/location-research/index.js": {"path":"/Users/GABIN/Documents/Projects/formations/ReactJs/react-decat-sport/src/components/location-research/index.js","statementMap":{"0":{"start":{"line":7,"column":25},"end":{"line":16,"column":1}},"1":{"start":{"line":8,"column":2},"end":{"line":15,"column":4}}},"fnMap":{"0":{"name":"(anonymous_0)","decl":{"start":{"line":7,"column":25},"end":{"line":7,"column":26}},"loc":{"start":{"line":7,"column":95},"end":{"line":16,"column":1}},"line":7}},"branchMap":{},"s":{"0":0,"1":0},"f":{"0":0},"b":{},"hash":"7cd6822f8c885205502c101334a336cbe26ec62c"}
,"/Users/GABIN/Documents/Projects/formations/ReactJs/react-decat-sport/src/components/location-research/coodinate-selector/index.js": {"path":"/Users/GABIN/Documents/Projects/formations/ReactJs/react-decat-sport/src/components/location-research/coodinate-selector/index.js","statementMap":{"0":{"start":{"line":5,"column":14},"end":{"line":28,"column":1}},"1":{"start":{"line":6,"column":34},"end":{"line":6,"column":49}},"2":{"start":{"line":8,"column":23},"end":{"line":11,"column":3}},"3":{"start":{"line":9,"column":4},"end":{"line":9,"column":23}},"4":{"start":{"line":10,"column":4},"end":{"line":10,"column":27}},"5":{"start":{"line":13,"column":2},"end":{"line":27,"column":4}},"6":{"start":{"line":18,"column":65},"end":{"line":18,"column":114}},"7":{"start":{"line":22,"column":65},"end":{"line":22,"column":114}}},"fnMap":{"0":{"name":"(anonymous_0)","decl":{"start":{"line":5,"column":14},"end":{"line":5,"column":15}},"loc":{"start":{"line":5,"column":39},"end":{"line":28,"column":1}},"line":5},"1":{"name":"(anonymous_1)","decl":{"start":{"line":8,"column":23},"end":{"line":8,"column":24}},"loc":{"start":{"line":8,"column":32},"end":{"line":11,"column":3}},"line":8},"2":{"name":"(anonymous_2)","decl":{"start":{"line":18,"column":60},"end":{"line":18,"column":61}},"loc":{"start":{"line":18,"column":65},"end":{"line":18,"column":114}},"line":18},"3":{"name":"(anonymous_3)","decl":{"start":{"line":22,"column":60},"end":{"line":22,"column":61}},"loc":{"start":{"line":22,"column":65},"end":{"line":22,"column":114}},"line":22}},"branchMap":{},"s":{"0":0,"1":0,"2":0,"3":0,"4":0,"5":0,"6":0,"7":0},"f":{"0":0,"1":0,"2":0,"3":0},"b":{},"hash":"75be892fbd4da120def13ae78f456c9d84160e9e"}
,"/Users/GABIN/Documents/Projects/formations/ReactJs/react-decat-sport/src/components/location-research/location-selector/index.js": {"path":"/Users/GABIN/Documents/Projects/formations/ReactJs/react-decat-sport/src/components/location-research/location-selector/index.js","statementMap":{"0":{"start":{"line":5,"column":14},"end":{"line":24,"column":1}},"1":{"start":{"line":6,"column":34},"end":{"line":6,"column":49}},"2":{"start":{"line":8,"column":23},"end":{"line":11,"column":3}},"3":{"start":{"line":9,"column":4},"end":{"line":9,"column":23}},"4":{"start":{"line":10,"column":4},"end":{"line":10,"column":27}},"5":{"start":{"line":13,"column":2},"end":{"line":23,"column":4}},"6":{"start":{"line":18,"column":61},"end":{"line":18,"column":89}}},"fnMap":{"0":{"name":"(anonymous_0)","decl":{"start":{"line":5,"column":14},"end":{"line":5,"column":15}},"loc":{"start":{"line":5,"column":37},"end":{"line":24,"column":1}},"line":5},"1":{"name":"(anonymous_1)","decl":{"start":{"line":8,"column":23},"end":{"line":8,"column":24}},"loc":{"start":{"line":8,"column":32},"end":{"line":11,"column":3}},"line":8},"2":{"name":"(anonymous_2)","decl":{"start":{"line":18,"column":56},"end":{"line":18,"column":57}},"loc":{"start":{"line":18,"column":61},"end":{"line":18,"column":89}},"line":18}},"branchMap":{},"s":{"0":0,"1":0,"2":0,"3":0,"4":0,"5":0,"6":0},"f":{"0":0,"1":0,"2":0},"b":{},"hash":"eda15eb9aafed7373c6d68e9bff0b71e09963d44"}
,"/Users/GABIN/Documents/Projects/formations/ReactJs/react-decat-sport/src/components/query-research/index.js": {"path":"/Users/GABIN/Documents/Projects/formations/ReactJs/react-decat-sport/src/components/query-research/index.js","statementMap":{"0":{"start":{"line":7,"column":22},"end":{"line":29,"column":1}},"1":{"start":{"line":8,"column":28},"end":{"line":8,"column":43}},"2":{"start":{"line":10,"column":23},"end":{"line":13,"column":3}},"3":{"start":{"line":11,"column":4},"end":{"line":11,"column":20}},"4":{"start":{"line":12,"column":4},"end":{"line":12,"column":27}},"5":{"start":{"line":15,"column":2},"end":{"line":28,"column":4}},"6":{"start":{"line":22,"column":60},"end":{"line":22,"column":86}}},"fnMap":{"0":{"name":"(anonymous_0)","decl":{"start":{"line":7,"column":22},"end":{"line":7,"column":23}},"loc":{"start":{"line":7,"column":45},"end":{"line":29,"column":1}},"line":7},"1":{"name":"(anonymous_1)","decl":{"start":{"line":10,"column":23},"end":{"line":10,"column":24}},"loc":{"start":{"line":10,"column":32},"end":{"line":13,"column":3}},"line":10},"2":{"name":"(anonymous_2)","decl":{"start":{"line":22,"column":55},"end":{"line":22,"column":56}},"loc":{"start":{"line":22,"column":60},"end":{"line":22,"column":86}},"line":22}},"branchMap":{},"s":{"0":0,"1":0,"2":0,"3":0,"4":0,"5":0,"6":0},"f":{"0":0,"1":0,"2":0},"b":{},"hash":"5ce96b2d7121c6d9b72a11dc99b6822629b41e4c"}
,"/Users/GABIN/Documents/Projects/formations/ReactJs/react-decat-sport/src/components/rightbar/index.js": {"path":"/Users/GABIN/Documents/Projects/formations/ReactJs/react-decat-sport/src/components/rightbar/index.js","statementMap":{"0":{"start":{"line":6,"column":17},"end":{"line":21,"column":1}},"1":{"start":{"line":7,"column":2},"end":{"line":20,"column":4}}},"fnMap":{"0":{"name":"(anonymous_0)","decl":{"start":{"line":6,"column":17},"end":{"line":6,"column":18}},"loc":{"start":{"line":6,"column":49},"end":{"line":21,"column":1}},"line":6}},"branchMap":{"0":{"loc":{"start":{"line":8,"column":4},"end":{"line":19,"column":5}},"type":"cond-expr","locations":[{"start":{"line":9,"column":8},"end":{"line":9,"column":40}},{"start":{"line":10,"column":8},"end":{"line":19,"column":5}}],"line":8},"1":{"loc":{"start":{"line":8,"column":5},"end":{"line":8,"column":56}},"type":"binary-expr","locations":[{"start":{"line":8,"column":5},"end":{"line":8,"column":15}},{"start":{"line":8,"column":19},"end":{"line":8,"column":25}},{"start":{"line":8,"column":29},"end":{"line":8,"column":35}},{"start":{"line":8,"column":39},"end":{"line":8,"column":56}}],"line":8},"2":{"loc":{"start":{"line":10,"column":8},"end":{"line":19,"column":5}},"type":"cond-expr","locations":[{"start":{"line":11,"column":6},"end":{"line":14,"column":12}},{"start":{"line":16,"column":6},"end":{"line":18,"column":12}}],"line":10}},"s":{"0":0,"1":0},"f":{"0":0},"b":{"0":[0,0],"1":[0,0,0,0],"2":[0,0]},"hash":"4f5e5f978e4d934b15372fb38b31b4945a664493"}
,"/Users/GABIN/Documents/Projects/formations/ReactJs/react-decat-sport/src/components/sports-ranking/index.js": {"path":"/Users/GABIN/Documents/Projects/formations/ReactJs/react-decat-sport/src/components/sports-ranking/index.js","statementMap":{"0":{"start":{"line":6,"column":22},"end":{"line":32,"column":1}},"1":{"start":{"line":7,"column":44},"end":{"line":7,"column":54}},"2":{"start":{"line":8,"column":34},"end":{"line":8,"column":46}},"3":{"start":{"line":9,"column":44},"end":{"line":9,"column":56}},"4":{"start":{"line":12,"column":4},"end":{"line":12,"column":37}},"5":{"start":{"line":13,"column":4},"end":{"line":13,"column":47}},"6":{"start":{"line":14,"column":4},"end":{"line":14,"column":28}},"7":{"start":{"line":18,"column":4},"end":{"line":18,"column":27}},"8":{"start":{"line":21,"column":2},"end":{"line":31,"column":3}}},"fnMap":{"0":{"name":"(anonymous_0)","decl":{"start":{"line":6,"column":22},"end":{"line":6,"column":23}},"loc":{"start":{"line":6,"column":36},"end":{"line":32,"column":1}},"line":6},"1":{"name":"selectSport","decl":{"start":{"line":11,"column":11},"end":{"line":11,"column":22}},"loc":{"start":{"line":11,"column":30},"end":{"line":15,"column":3}},"line":11},"2":{"name":"deselectSport","decl":{"start":{"line":17,"column":11},"end":{"line":17,"column":24}},"loc":{"start":{"line":17,"column":27},"end":{"line":19,"column":3}},"line":17}},"branchMap":{"0":{"loc":{"start":{"line":22,"column":4},"end":{"line":30,"column":5}},"type":"cond-expr","locations":[{"start":{"line":23,"column":6},"end":{"line":23,"column":61}},{"start":{"line":25,"column":6},"end":{"line":29,"column":39}}],"line":22}},"s":{"0":0,"1":0,"2":0,"3":0,"4":0,"5":0,"6":0,"7":0,"8":0},"f":{"0":0,"1":0,"2":0},"b":{"0":[0,0]},"hash":"279d9edef857c5a130c583c868fcf375c3bc99ea"}
,"/Users/GABIN/Documents/Projects/formations/ReactJs/react-decat-sport/src/components/sports-ranking/service.js": {"path":"/Users/GABIN/Documents/Projects/formations/ReactJs/react-decat-sport/src/components/sports-ranking/service.js","statementMap":{"0":{"start":{"line":4,"column":2},"end":{"line":6,"column":63}},"1":{"start":{"line":5,"column":21},"end":{"line":5,"column":33}},"2":{"start":{"line":6,"column":43},"end":{"line":6,"column":61}},"3":{"start":{"line":10,"column":2},"end":{"line":17,"column":3}},"4":{"start":{"line":11,"column":4},"end":{"line":14,"column":9}},"5":{"start":{"line":11,"column":50},"end":{"line":11,"column":80}},"6":{"start":{"line":13,"column":8},"end":{"line":13,"column":51}},"7":{"start":{"line":16,"column":4},"end":{"line":16,"column":25}},"8":{"start":{"line":21,"column":2},"end":{"line":28,"column":3}},"9":{"start":{"line":22,"column":4},"end":{"line":25,"column":9}},"10":{"start":{"line":22,"column":44},"end":{"line":22,"column":67}},"11":{"start":{"line":24,"column":8},"end":{"line":24,"column":46}},"12":{"start":{"line":27,"column":4},"end":{"line":27,"column":20}}},"fnMap":{"0":{"name":"extractSports","decl":{"start":{"line":3,"column":9},"end":{"line":3,"column":22}},"loc":{"start":{"line":3,"column":34},"end":{"line":7,"column":1}},"line":3},"1":{"name":"(anonymous_1)","decl":{"start":{"line":5,"column":12},"end":{"line":5,"column":13}},"loc":{"start":{"line":5,"column":21},"end":{"line":5,"column":33}},"line":5},"2":{"name":"(anonymous_2)","decl":{"start":{"line":6,"column":9},"end":{"line":6,"column":10}},"loc":{"start":{"line":6,"column":43},"end":{"line":6,"column":61}},"line":6},"3":{"name":"feedRelatedSports","decl":{"start":{"line":9,"column":9},"end":{"line":9,"column":26}},"loc":{"start":{"line":9,"column":51},"end":{"line":18,"column":1}},"line":9},"4":{"name":"(anonymous_4)","decl":{"start":{"line":11,"column":34},"end":{"line":11,"column":35}},"loc":{"start":{"line":11,"column":50},"end":{"line":11,"column":80}},"line":11},"5":{"name":"(anonymous_5)","decl":{"start":{"line":12,"column":12},"end":{"line":12,"column":13}},"loc":{"start":{"line":12,"column":25},"end":{"line":14,"column":7}},"line":12},"6":{"name":"feedChildren","decl":{"start":{"line":20,"column":9},"end":{"line":20,"column":21}},"loc":{"start":{"line":20,"column":41},"end":{"line":29,"column":1}},"line":20},"7":{"name":"(anonymous_7)","decl":{"start":{"line":22,"column":35},"end":{"line":22,"column":36}},"loc":{"start":{"line":22,"column":44},"end":{"line":22,"column":67}},"line":22},"8":{"name":"(anonymous_8)","decl":{"start":{"line":23,"column":12},"end":{"line":23,"column":13}},"loc":{"start":{"line":23,"column":25},"end":{"line":25,"column":7}},"line":23}},"branchMap":{"0":{"loc":{"start":{"line":6,"column":43},"end":{"line":6,"column":61}},"type":"binary-expr","locations":[{"start":{"line":6,"column":43},"end":{"line":6,"column":47}},{"start":{"line":6,"column":51},"end":{"line":6,"column":61}}],"line":6},"1":{"loc":{"start":{"line":10,"column":2},"end":{"line":17,"column":3}},"type":"if","locations":[{"start":{"line":10,"column":2},"end":{"line":17,"column":3}},{"start":{"line":10,"column":2},"end":{"line":17,"column":3}}],"line":10},"2":{"loc":{"start":{"line":21,"column":2},"end":{"line":28,"column":3}},"type":"if","locations":[{"start":{"line":21,"column":2},"end":{"line":28,"column":3}},{"start":{"line":21,"column":2},"end":{"line":28,"column":3}}],"line":21}},"s":{"0":0,"1":0,"2":0,"3":0,"4":0,"5":0,"6":0,"7":0,"8":0,"9":0,"10":0,"11":0,"12":0},"f":{"0":0,"1":0,"2":0,"3":0,"4":0,"5":0,"6":0,"7":0,"8":0},"b":{"0":[0,0],"1":[0,0],"2":[0,0]},"hash":"acea244da6215dbd36e54890e75f38b35d2fb0e8"}
,"/Users/GABIN/Documents/Projects/formations/ReactJs/react-decat-sport/src/components/sports-ranking/sport-informations/index.js": {"path":"/Users/GABIN/Documents/Projects/formations/ReactJs/react-decat-sport/src/components/sports-ranking/sport-informations/index.js","statementMap":{"0":{"start":{"line":7,"column":26},"end":{"line":29,"column":1}},"1":{"start":{"line":8,"column":2},"end":{"line":28,"column":3}}},"fnMap":{"0":{"name":"(anonymous_0)","decl":{"start":{"line":7,"column":26},"end":{"line":7,"column":27}},"loc":{"start":{"line":7,"column":79},"end":{"line":29,"column":1}},"line":7}},"branchMap":{"0":{"loc":{"start":{"line":17,"column":14},"end":{"line":19,"column":113}},"type":"cond-expr","locations":[{"start":{"line":18,"column":10},"end":{"line":18,"column":20}},{"start":{"line":19,"column":10},"end":{"line":19,"column":113}}],"line":17}},"s":{"0":0,"1":0},"f":{"0":0},"b":{"0":[0,0]},"hash":"addfb83e4c8cf93f04c3b1c7ddea26c1eb2809de"}
,"/Users/GABIN/Documents/Projects/formations/ReactJs/react-decat-sport/src/components/sports-ranking/sports-menu/index.js": {"path":"/Users/GABIN/Documents/Projects/formations/ReactJs/react-decat-sport/src/components/sports-ranking/sports-menu/index.js","statementMap":{"0":{"start":{"line":6,"column":19},"end":{"line":25,"column":1}},"1":{"start":{"line":8,"column":2},"end":{"line":24,"column":4}},"2":{"start":{"line":12,"column":12},"end":{"line":19,"column":22}},"3":{"start":{"line":12,"column":46},"end":{"line":12,"column":64}}},"fnMap":{"0":{"name":"(anonymous_0)","decl":{"start":{"line":6,"column":19},"end":{"line":6,"column":20}},"loc":{"start":{"line":6,"column":46},"end":{"line":25,"column":1}},"line":6},"1":{"name":"(anonymous_1)","decl":{"start":{"line":11,"column":19},"end":{"line":11,"column":20}},"loc":{"start":{"line":12,"column":12},"end":{"line":19,"column":22}},"line":12},"2":{"name":"(anonymous_2)","decl":{"start":{"line":12,"column":40},"end":{"line":12,"column":41}},"loc":{"start":{"line":12,"column":46},"end":{"line":12,"column":64}},"line":12}},"branchMap":{"0":{"loc":{"start":{"line":14,"column":21},"end":{"line":14,"column":150}},"type":"cond-expr","locations":[{"start":{"line":14,"column":34},"end":{"line":14,"column":44}},{"start":{"line":14,"column":47},"end":{"line":14,"column":150}}],"line":14}},"s":{"0":0,"1":0,"2":0,"3":0},"f":{"0":0,"1":0,"2":0},"b":{"0":[0,0]},"hash":"da18514bcac08575ac0164aab397f1d2d28e9a07"}
,"/Users/GABIN/Documents/Projects/formations/ReactJs/react-decat-sport/src/components/topbar/index.js": {"path":"/Users/GABIN/Documents/Projects/formations/ReactJs/react-decat-sport/src/components/topbar/index.js","statementMap":{"0":{"start":{"line":6,"column":15},"end":{"line":20,"column":1}},"1":{"start":{"line":7,"column":2},"end":{"line":19,"column":4}}},"fnMap":{"0":{"name":"(anonymous_0)","decl":{"start":{"line":6,"column":15},"end":{"line":6,"column":16}},"loc":{"start":{"line":6,"column":21},"end":{"line":20,"column":1}},"line":6}},"branchMap":{},"s":{"0":0,"1":0},"f":{"0":0},"b":{},"hash":"c39f8bf39f1e25120bfbacc9476e00f4e8c5b86f"}
,"/Users/GABIN/Documents/Projects/formations/ReactJs/react-decat-sport/src/containers/autocomplete/index.js": {"path":"/Users/GABIN/Documents/Projects/formations/ReactJs/react-decat-sport/src/containers/autocomplete/index.js","statementMap":{"0":{"start":{"line":4,"column":21},"end":{"line":25,"column":1}},"1":{"start":{"line":5,"column":2},"end":{"line":24,"column":4}}},"fnMap":{"0":{"name":"(anonymous_0)","decl":{"start":{"line":4,"column":21},"end":{"line":4,"column":22}},"loc":{"start":{"line":4,"column":27},"end":{"line":25,"column":1}},"line":4}},"branchMap":{},"s":{"0":0,"1":0},"f":{"0":0},"b":{},"hash":"70cd1a1fcfaa07432ed2079b2ebaf9fc5ec5499f"}
,"/Users/GABIN/Documents/Projects/formations/ReactJs/react-decat-sport/src/containers/groups/index.js": {"path":"/Users/GABIN/Documents/Projects/formations/ReactJs/react-decat-sport/src/containers/groups/index.js","statementMap":{"0":{"start":{"line":6,"column":15},"end":{"line":20,"column":1}},"1":{"start":{"line":7,"column":2},"end":{"line":19,"column":4}}},"fnMap":{"0":{"name":"(anonymous_0)","decl":{"start":{"line":6,"column":15},"end":{"line":6,"column":16}},"loc":{"start":{"line":6,"column":21},"end":{"line":20,"column":1}},"line":6}},"branchMap":{},"s":{"0":0,"1":0},"f":{"0":0},"b":{},"hash":"2e6c1e639d71ded8ea4feb73c074bb9de9962e5a"}
,"/Users/GABIN/Documents/Projects/formations/ReactJs/react-decat-sport/src/containers/homepage/index.js": {"path":"/Users/GABIN/Documents/Projects/formations/ReactJs/react-decat-sport/src/containers/homepage/index.js","statementMap":{"0":{"start":{"line":5,"column":17},"end":{"line":11,"column":1}},"1":{"start":{"line":6,"column":2},"end":{"line":10,"column":4}}},"fnMap":{"0":{"name":"(anonymous_0)","decl":{"start":{"line":5,"column":17},"end":{"line":5,"column":18}},"loc":{"start":{"line":5,"column":23},"end":{"line":11,"column":1}},"line":5}},"branchMap":{},"s":{"0":0,"1":0},"f":{"0":0},"b":{},"hash":"30a2a69d38bd6223cc4548dab07735345124494e"}
,"/Users/GABIN/Documents/Projects/formations/ReactJs/react-decat-sport/src/containers/intelligent-search/index.js": {"path":"/Users/GABIN/Documents/Projects/formations/ReactJs/react-decat-sport/src/containers/intelligent-search/index.js","statementMap":{"0":{"start":{"line":7,"column":26},"end":{"line":31,"column":1}},"1":{"start":{"line":8,"column":36},"end":{"line":8,"column":46}},"2":{"start":{"line":9,"column":28},"end":{"line":9,"column":43}},"3":{"start":{"line":10,"column":30},"end":{"line":10,"column":42}},"4":{"start":{"line":12,"column":2},"end":{"line":30,"column":4}}},"fnMap":{"0":{"name":"(anonymous_0)","decl":{"start":{"line":7,"column":26},"end":{"line":7,"column":27}},"loc":{"start":{"line":7,"column":32},"end":{"line":31,"column":1}},"line":7}},"branchMap":{},"s":{"0":0,"1":0,"2":0,"3":0,"4":0},"f":{"0":0},"b":{},"hash":"9668cc72faf9371a4b9d4e6ab06b036ad1b36ca0"}
,"/Users/GABIN/Documents/Projects/formations/ReactJs/react-decat-sport/src/containers/intelligent-search/form/index.js": {"path":"/Users/GABIN/Documents/Projects/formations/ReactJs/react-decat-sport/src/containers/intelligent-search/form/index.js","statementMap":{"0":{"start":{"line":8,"column":30},"end":{"line":50,"column":1}},"1":{"start":{"line":9,"column":40},"end":{"line":9,"column":68}},"2":{"start":{"line":10,"column":34},"end":{"line":10,"column":51}},"3":{"start":{"line":11,"column":28},"end":{"line":11,"column":43}},"4":{"start":{"line":13,"column":2},"end":{"line":19,"column":16}},"5":{"start":{"line":14,"column":4},"end":{"line":14,"column":23}},"6":{"start":{"line":15,"column":4},"end":{"line":15,"column":20}},"7":{"start":{"line":17,"column":4},"end":{"line":18,"column":47}},"8":{"start":{"line":18,"column":23},"end":{"line":18,"column":45}},"9":{"start":{"line":21,"column":2},"end":{"line":31,"column":27}},"10":{"start":{"line":22,"column":4},"end":{"line":22,"column":20}},"11":{"start":{"line":23,"column":4},"end":{"line":30,"column":5}},"12":{"start":{"line":24,"column":6},"end":{"line":24,"column":25}},"13":{"start":{"line":25,"column":6},"end":{"line":26,"column":93}},"14":{"start":{"line":26,"column":32},"end":{"line":26,"column":91}},"15":{"start":{"line":27,"column":6},"end":{"line":27,"column":26}},"16":{"start":{"line":29,"column":6},"end":{"line":29,"column":21}},"17":{"start":{"line":33,"column":2},"end":{"line":49,"column":4}}},"fnMap":{"0":{"name":"(anonymous_0)","decl":{"start":{"line":8,"column":30},"end":{"line":8,"column":31}},"loc":{"start":{"line":8,"column":71},"end":{"line":50,"column":1}},"line":8},"1":{"name":"(anonymous_1)","decl":{"start":{"line":13,"column":13},"end":{"line":13,"column":14}},"loc":{"start":{"line":13,"column":19},"end":{"line":19,"column":3}},"line":13},"2":{"name":"(anonymous_2)","decl":{"start":{"line":18,"column":13},"end":{"line":18,"column":14}},"loc":{"start":{"line":18,"column":23},"end":{"line":18,"column":45}},"line":18},"3":{"name":"(anonymous_3)","decl":{"start":{"line":21,"column":12},"end":{"line":21,"column":13}},"loc":{"start":{"line":21,"column":19},"end":{"line":31,"column":3}},"line":21},"4":{"name":"(anonymous_4)","decl":{"start":{"line":26,"column":14},"end":{"line":26,"column":15}},"loc":{"start":{"line":26,"column":32},"end":{"line":26,"column":91}},"line":26}},"branchMap":{"0":{"loc":{"start":{"line":23,"column":4},"end":{"line":30,"column":5}},"type":"if","locations":[{"start":{"line":23,"column":4},"end":{"line":30,"column":5}},{"start":{"line":23,"column":4},"end":{"line":30,"column":5}}],"line":23},"1":{"loc":{"start":{"line":23,"column":7},"end":{"line":23,"column":70}},"type":"binary-expr","locations":[{"start":{"line":23,"column":7},"end":{"line":23,"column":18}},{"start":{"line":23,"column":23},"end":{"line":23,"column":44}},{"start":{"line":23,"column":48},"end":{"line":23,"column":69}}],"line":23},"2":{"loc":{"start":{"line":26,"column":32},"end":{"line":26,"column":91}},"type":"cond-expr","locations":[{"start":{"line":26,"column":49},"end":{"line":26,"column":74}},{"start":{"line":26,"column":77},"end":{"line":26,"column":91}}],"line":26}},"s":{"0":0,"1":0,"2":0,"3":0,"4":0,"5":0,"6":0,"7":0,"8":0,"9":0,"10":0,"11":0,"12":0,"13":0,"14":0,"15":0,"16":0,"17":0},"f":{"0":0,"1":0,"2":0,"3":0,"4":0},"b":{"0":[0,0],"1":[0,0,0],"2":[0,0]},"hash":"e09f8ffc5318998f0cd14de0fb2e9cf7ecd0d7e1"}
,"/Users/GABIN/Documents/Projects/formations/ReactJs/react-decat-sport/src/containers/recommended-sports/index.js": {"path":"/Users/GABIN/Documents/Projects/formations/ReactJs/react-decat-sport/src/containers/recommended-sports/index.js","statementMap":{"0":{"start":{"line":9,"column":26},"end":{"line":58,"column":1}},"1":{"start":{"line":10,"column":36},"end":{"line":10,"column":46}},"2":{"start":{"line":11,"column":28},"end":{"line":11,"column":43}},"3":{"start":{"line":12,"column":40},"end":{"line":12,"column":68}},"4":{"start":{"line":13,"column":30},"end":{"line":13,"column":42}},"5":{"start":{"line":14,"column":34},"end":{"line":14,"column":51}},"6":{"start":{"line":16,"column":2},"end":{"line":22,"column":16}},"7":{"start":{"line":17,"column":4},"end":{"line":17,"column":23}},"8":{"start":{"line":18,"column":4},"end":{"line":18,"column":20}},"9":{"start":{"line":20,"column":4},"end":{"line":21,"column":47}},"10":{"start":{"line":21,"column":23},"end":{"line":21,"column":45}},"11":{"start":{"line":24,"column":2},"end":{"line":34,"column":20}},"12":{"start":{"line":25,"column":4},"end":{"line":25,"column":20}},"13":{"start":{"line":26,"column":4},"end":{"line":33,"column":5}},"14":{"start":{"line":27,"column":6},"end":{"line":27,"column":25}},"15":{"start":{"line":28,"column":6},"end":{"line":29,"column":93}},"16":{"start":{"line":29,"column":32},"end":{"line":29,"column":91}},"17":{"start":{"line":30,"column":6},"end":{"line":30,"column":26}},"18":{"start":{"line":32,"column":6},"end":{"line":32,"column":21}},"19":{"start":{"line":36,"column":2},"end":{"line":55,"column":4}}},"fnMap":{"0":{"name":"(anonymous_0)","decl":{"start":{"line":9,"column":26},"end":{"line":9,"column":27}},"loc":{"start":{"line":9,"column":32},"end":{"line":58,"column":1}},"line":9},"1":{"name":"(anonymous_1)","decl":{"start":{"line":16,"column":13},"end":{"line":16,"column":14}},"loc":{"start":{"line":16,"column":19},"end":{"line":22,"column":3}},"line":16},"2":{"name":"(anonymous_2)","decl":{"start":{"line":21,"column":13},"end":{"line":21,"column":14}},"loc":{"start":{"line":21,"column":23},"end":{"line":21,"column":45}},"line":21},"3":{"name":"(anonymous_3)","decl":{"start":{"line":24,"column":12},"end":{"line":24,"column":13}},"loc":{"start":{"line":24,"column":19},"end":{"line":34,"column":3}},"line":24},"4":{"name":"(anonymous_4)","decl":{"start":{"line":29,"column":14},"end":{"line":29,"column":15}},"loc":{"start":{"line":29,"column":32},"end":{"line":29,"column":91}},"line":29}},"branchMap":{"0":{"loc":{"start":{"line":26,"column":4},"end":{"line":33,"column":5}},"type":"if","locations":[{"start":{"line":26,"column":4},"end":{"line":33,"column":5}},{"start":{"line":26,"column":4},"end":{"line":33,"column":5}}],"line":26},"1":{"loc":{"start":{"line":26,"column":7},"end":{"line":26,"column":70}},"type":"binary-expr","locations":[{"start":{"line":26,"column":7},"end":{"line":26,"column":18}},{"start":{"line":26,"column":23},"end":{"line":26,"column":44}},{"start":{"line":26,"column":48},"end":{"line":26,"column":69}}],"line":26},"2":{"loc":{"start":{"line":29,"column":32},"end":{"line":29,"column":91}},"type":"cond-expr","locations":[{"start":{"line":29,"column":49},"end":{"line":29,"column":74}},{"start":{"line":29,"column":77},"end":{"line":29,"column":91}}],"line":29}},"s":{"0":0,"1":0,"2":0,"3":0,"4":0,"5":0,"6":0,"7":0,"8":0,"9":0,"10":0,"11":0,"12":0,"13":0,"14":0,"15":0,"16":0,"17":0,"18":0,"19":0},"f":{"0":0,"1":0,"2":0,"3":0,"4":0},"b":{"0":[0,0],"1":[0,0,0],"2":[0,0]},"hash":"709efabf2bd92c738decd5b062b5380ecd84397e"}
,"/Users/GABIN/Documents/Projects/formations/ReactJs/react-decat-sport/src/containers/sports/index.js": {"path":"/Users/GABIN/Documents/Projects/formations/ReactJs/react-decat-sport/src/containers/sports/index.js","statementMap":{"0":{"start":{"line":6,"column":15},"end":{"line":20,"column":1}},"1":{"start":{"line":7,"column":2},"end":{"line":19,"column":4}}},"fnMap":{"0":{"name":"(anonymous_0)","decl":{"start":{"line":6,"column":15},"end":{"line":6,"column":16}},"loc":{"start":{"line":6,"column":21},"end":{"line":20,"column":1}},"line":6}},"branchMap":{},"s":{"0":0,"1":0},"f":{"0":0},"b":{},"hash":"6e7ab9360011f82e64699c8b0fb09f8934b5ff68"}
,"/Users/GABIN/Documents/Projects/formations/ReactJs/react-decat-sport/src/services/location/coordinatesMapper.js": {"path":"/Users/GABIN/Documents/Projects/formations/ReactJs/react-decat-sport/src/services/location/coordinatesMapper.js","statementMap":{"0":{"start":{"line":2,"column":2},"end":{"line":2,"column":67}}},"fnMap":{"0":{"name":"coordinatesMapper","decl":{"start":{"line":1,"column":9},"end":{"line":1,"column":26}},"loc":{"start":{"line":1,"column":40},"end":{"line":3,"column":1}},"line":1}},"branchMap":{"0":{"loc":{"start":{"line":2,"column":9},"end":{"line":2,"column":66}},"type":"binary-expr","locations":[{"start":{"line":2,"column":9},"end":{"line":2,"column":21}},{"start":{"line":2,"column":25},"end":{"line":2,"column":66}}],"line":2}},"s":{"0":0},"f":{"0":0},"b":{"0":[0,0]},"hash":"2a3bc000245d7612cc65cc916d405d09f6f08d77"}
,"/Users/GABIN/Documents/Projects/formations/ReactJs/react-decat-sport/src/services/location/index.js": {"path":"/Users/GABIN/Documents/Projects/formations/ReactJs/react-decat-sport/src/services/location/index.js","statementMap":{"0":{"start":{"line":5,"column":2},"end":{"line":6,"column":71}},"1":{"start":{"line":6,"column":29},"end":{"line":6,"column":67}}},"fnMap":{"0":{"name":"getCoordinates","decl":{"start":{"line":4,"column":9},"end":{"line":4,"column":23}},"loc":{"start":{"line":4,"column":34},"end":{"line":7,"column":1}},"line":4},"1":{"name":"(anonymous_1)","decl":{"start":{"line":6,"column":11},"end":{"line":6,"column":12}},"loc":{"start":{"line":6,"column":27},"end":{"line":6,"column":69}},"line":6}},"branchMap":{},"s":{"0":0,"1":0},"f":{"0":0,"1":0},"b":{},"hash":"5c1126792e989b119400ebbcbfbcb2718f7bba00"}
,"/Users/GABIN/Documents/Projects/formations/ReactJs/react-decat-sport/src/services/location/google-maps-api/index.js": {"path":"/Users/GABIN/Documents/Projects/formations/ReactJs/react-decat-sport/src/services/location/google-maps-api/index.js","statementMap":{"0":{"start":{"line":3,"column":21},"end":{"line":3,"column":62}},"1":{"start":{"line":5,"column":33},"end":{"line":20,"column":1}},"2":{"start":{"line":6,"column":14},"end":{"line":15,"column":3}},"3":{"start":{"line":17,"column":2},"end":{"line":19,"column":4}},"4":{"start":{"line":18,"column":16},"end":{"line":18,"column":31}}},"fnMap":{"0":{"name":"(anonymous_0)","decl":{"start":{"line":5,"column":33},"end":{"line":5,"column":34}},"loc":{"start":{"line":5,"column":41},"end":{"line":20,"column":1}},"line":5},"1":{"name":"(anonymous_1)","decl":{"start":{"line":18,"column":4},"end":{"line":18,"column":5}},"loc":{"start":{"line":18,"column":16},"end":{"line":18,"column":31}},"line":18}},"branchMap":{},"s":{"0":0,"1":0,"2":0,"3":0,"4":0},"f":{"0":0,"1":0},"b":{},"hash":"ef6ec56b79fff9b3024bfdbcaa1e4565e61e5442"}
,"/Users/GABIN/Documents/Projects/formations/ReactJs/react-decat-sport/src/services/sports/index.js": {"path":"/Users/GABIN/Documents/Projects/formations/ReactJs/react-decat-sport/src/services/sports/index.js","statementMap":{"0":{"start":{"line":10,"column":29},"end":{"line":13,"column":1}},"1":{"start":{"line":11,"column":2},"end":{"line":12,"column":38}},"2":{"start":{"line":12,"column":18},"end":{"line":12,"column":36}},"3":{"start":{"line":15,"column":17},"end":{"line":17,"column":1}},"4":{"start":{"line":16,"column":2},"end":{"line":16,"column":39}},"5":{"start":{"line":19,"column":18},"end":{"line":21,"column":1}},"6":{"start":{"line":20,"column":2},"end":{"line":20,"column":25}},"7":{"start":{"line":23,"column":18},"end":{"line":25,"column":1}},"8":{"start":{"line":24,"column":2},"end":{"line":24,"column":22}},"9":{"start":{"line":27,"column":39},"end":{"line":30,"column":1}},"10":{"start":{"line":28,"column":2},"end":{"line":29,"column":38}},"11":{"start":{"line":29,"column":18},"end":{"line":29,"column":36}}},"fnMap":{"0":{"name":"(anonymous_0)","decl":{"start":{"line":10,"column":29},"end":{"line":10,"column":30}},"loc":{"start":{"line":10,"column":44},"end":{"line":13,"column":1}},"line":10},"1":{"name":"(anonymous_1)","decl":{"start":{"line":12,"column":10},"end":{"line":12,"column":11}},"loc":{"start":{"line":12,"column":18},"end":{"line":12,"column":36}},"line":12},"2":{"name":"(anonymous_2)","decl":{"start":{"line":15,"column":17},"end":{"line":15,"column":18}},"loc":{"start":{"line":15,"column":28},"end":{"line":17,"column":1}},"line":15},"3":{"name":"(anonymous_3)","decl":{"start":{"line":19,"column":18},"end":{"line":19,"column":19}},"loc":{"start":{"line":19,"column":27},"end":{"line":21,"column":1}},"line":19},"4":{"name":"(anonymous_4)","decl":{"start":{"line":23,"column":18},"end":{"line":23,"column":19}},"loc":{"start":{"line":23,"column":24},"end":{"line":25,"column":1}},"line":23},"5":{"name":"(anonymous_5)","decl":{"start":{"line":27,"column":39},"end":{"line":27,"column":40}},"loc":{"start":{"line":27,"column":63},"end":{"line":30,"column":1}},"line":27},"6":{"name":"(anonymous_6)","decl":{"start":{"line":29,"column":10},"end":{"line":29,"column":11}},"loc":{"start":{"line":29,"column":18},"end":{"line":29,"column":36}},"line":29}},"branchMap":{},"s":{"0":0,"1":0,"2":0,"3":0,"4":0,"5":0,"6":0,"7":0,"8":0,"9":0,"10":0,"11":0},"f":{"0":0,"1":0,"2":0,"3":0,"4":0,"5":0,"6":0},"b":{},"hash":"ab83b572844d40c61059e9d7466821c39edc2f76"}
,"/Users/GABIN/Documents/Projects/formations/ReactJs/react-decat-sport/src/services/sports/sportMapper.js": {"path":"/Users/GABIN/Documents/Projects/formations/ReactJs/react-decat-sport/src/services/sports/sportMapper.js","statementMap":{"0":{"start":{"line":2,"column":2},"end":{"line":15,"column":3}},"1":{"start":{"line":3,"column":4},"end":{"line":14,"column":8}},"2":{"start":{"line":5,"column":10},"end":{"line":12,"column":11}}},"fnMap":{"0":{"name":"sportMapper","decl":{"start":{"line":1,"column":9},"end":{"line":1,"column":20}},"loc":{"start":{"line":1,"column":27},"end":{"line":16,"column":1}},"line":1},"1":{"name":"(anonymous_1)","decl":{"start":{"line":4,"column":11},"end":{"line":4,"column":12}},"loc":{"start":{"line":5,"column":10},"end":{"line":12,"column":11}},"line":5}},"branchMap":{"0":{"loc":{"start":{"line":2,"column":2},"end":{"line":15,"column":3}},"type":"if","locations":[{"start":{"line":2,"column":2},"end":{"line":15,"column":3}},{"start":{"line":2,"column":2},"end":{"line":15,"column":3}}],"line":2}},"s":{"0":0,"1":0,"2":0},"f":{"0":0,"1":0},"b":{"0":[0,0]},"hash":"5c3930855d65508b906700cf06f73493532d80c2"}
,"/Users/GABIN/Documents/Projects/formations/ReactJs/react-decat-sport/src/services/sports/decathlon-sports-api/index.js": {"path":"/Users/GABIN/Documents/Projects/formations/ReactJs/react-decat-sport/src/services/sports/decathlon-sports-api/index.js","statementMap":{"0":{"start":{"line":3,"column":16},"end":{"line":3,"column":50}},"1":{"start":{"line":5,"column":19},"end":{"line":18,"column":1}},"2":{"start":{"line":6,"column":14},"end":{"line":15,"column":3}},"3":{"start":{"line":17,"column":2},"end":{"line":17,"column":54}},"4":{"start":{"line":17,"column":37},"end":{"line":17,"column":52}},"5":{"start":{"line":20,"column":30},"end":{"line":34,"column":1}},"6":{"start":{"line":21,"column":14},"end":{"line":31,"column":3}},"7":{"start":{"line":33,"column":2},"end":{"line":33,"column":54}},"8":{"start":{"line":33,"column":37},"end":{"line":33,"column":52}},"9":{"start":{"line":36,"column":29},"end":{"line":46,"column":1}},"10":{"start":{"line":37,"column":14},"end":{"line":43,"column":3}},"11":{"start":{"line":45,"column":2},"end":{"line":45,"column":54}},"12":{"start":{"line":45,"column":37},"end":{"line":45,"column":52}},"13":{"start":{"line":48,"column":40},"end":{"line":61,"column":1}},"14":{"start":{"line":49,"column":14},"end":{"line":58,"column":3}},"15":{"start":{"line":60,"column":2},"end":{"line":60,"column":54}},"16":{"start":{"line":60,"column":37},"end":{"line":60,"column":52}},"17":{"start":{"line":63,"column":19},"end":{"line":72,"column":1}},"18":{"start":{"line":64,"column":14},"end":{"line":69,"column":3}},"19":{"start":{"line":71,"column":2},"end":{"line":71,"column":54}},"20":{"start":{"line":71,"column":37},"end":{"line":71,"column":52}}},"fnMap":{"0":{"name":"(anonymous_0)","decl":{"start":{"line":5,"column":19},"end":{"line":5,"column":20}},"loc":{"start":{"line":5,"column":26},"end":{"line":18,"column":1}},"line":5},"1":{"name":"(anonymous_1)","decl":{"start":{"line":17,"column":25},"end":{"line":17,"column":26}},"loc":{"start":{"line":17,"column":37},"end":{"line":17,"column":52}},"line":17},"2":{"name":"(anonymous_2)","decl":{"start":{"line":20,"column":30},"end":{"line":20,"column":31}},"loc":{"start":{"line":20,"column":45},"end":{"line":34,"column":1}},"line":20},"3":{"name":"(anonymous_3)","decl":{"start":{"line":33,"column":25},"end":{"line":33,"column":26}},"loc":{"start":{"line":33,"column":37},"end":{"line":33,"column":52}},"line":33},"4":{"name":"(anonymous_4)","decl":{"start":{"line":36,"column":29},"end":{"line":36,"column":30}},"loc":{"start":{"line":36,"column":40},"end":{"line":46,"column":1}},"line":36},"5":{"name":"(anonymous_5)","decl":{"start":{"line":45,"column":25},"end":{"line":45,"column":26}},"loc":{"start":{"line":45,"column":37},"end":{"line":45,"column":52}},"line":45},"6":{"name":"(anonymous_6)","decl":{"start":{"line":48,"column":40},"end":{"line":48,"column":41}},"loc":{"start":{"line":48,"column":64},"end":{"line":61,"column":1}},"line":48},"7":{"name":"(anonymous_7)","decl":{"start":{"line":60,"column":25},"end":{"line":60,"column":26}},"loc":{"start":{"line":60,"column":37},"end":{"line":60,"column":52}},"line":60},"8":{"name":"(anonymous_8)","decl":{"start":{"line":63,"column":19},"end":{"line":63,"column":20}},"loc":{"start":{"line":63,"column":25},"end":{"line":72,"column":1}},"line":63},"9":{"name":"(anonymous_9)","decl":{"start":{"line":71,"column":25},"end":{"line":71,"column":26}},"loc":{"start":{"line":71,"column":37},"end":{"line":71,"column":52}},"line":71}},"branchMap":{},"s":{"0":0,"1":0,"2":0,"3":0,"4":0,"5":0,"6":0,"7":0,"8":0,"9":0,"10":0,"11":0,"12":0,"13":0,"14":0,"15":0,"16":0,"17":0,"18":0,"19":0,"20":0},"f":{"0":0,"1":0,"2":0,"3":0,"4":0,"5":0,"6":0,"7":0,"8":0,"9":0},"b":{},"hash":"05df442507d9fcf8e416d7acf10197c79e414097"}
,"/Users/GABIN/Documents/Projects/formations/ReactJs/react-decat-sport/src/utils/api-calls/urlConstructor.js": {"path":"/Users/GABIN/Documents/Projects/formations/ReactJs/react-decat-sport/src/utils/api-calls/urlConstructor.js","statementMap":{"0":{"start":{"line":3,"column":23},"end":{"line":10,"column":1}},"1":{"start":{"line":4,"column":18},"end":{"line":4,"column":53}},"2":{"start":{"line":6,"column":2},"end":{"line":7,"column":66}},"3":{"start":{"line":7,"column":4},"end":{"line":7,"column":66}},"4":{"start":{"line":9,"column":2},"end":{"line":9,"column":19}}},"fnMap":{"0":{"name":"(anonymous_0)","decl":{"start":{"line":3,"column":23},"end":{"line":3,"column":24}},"loc":{"start":{"line":3,"column":66},"end":{"line":10,"column":1}},"line":3}},"branchMap":{"0":{"loc":{"start":{"line":6,"column":2},"end":{"line":7,"column":66}},"type":"if","locations":[{"start":{"line":6,"column":2},"end":{"line":7,"column":66}},{"start":{"line":6,"column":2},"end":{"line":7,"column":66}}],"line":6}},"s":{"0":1,"1":2,"2":2,"3":1,"4":2},"f":{"0":2},"b":{"0":[1,1]},"_coverageSchema":"43e27e138ebf9cfc5966b082cf9a028302ed4184","hash":"77be1c0306e28fda382d59e27f3788c2cf940132"}
,"/Users/GABIN/Documents/Projects/formations/ReactJs/react-decat-sport/src/utils/components/list.js": {"path":"/Users/GABIN/Documents/Projects/formations/ReactJs/react-decat-sport/src/utils/components/list.js","statementMap":{"0":{"start":{"line":3,"column":13},"end":{"line":14,"column":1}},"1":{"start":{"line":4,"column":2},"end":{"line":13,"column":3}},"2":{"start":{"line":8,"column":12},"end":{"line":8,"column":50}}},"fnMap":{"0":{"name":"(anonymous_0)","decl":{"start":{"line":3,"column":13},"end":{"line":3,"column":14}},"loc":{"start":{"line":3,"column":41},"end":{"line":14,"column":1}},"line":3},"1":{"name":"(anonymous_1)","decl":{"start":{"line":7,"column":21},"end":{"line":7,"column":22}},"loc":{"start":{"line":8,"column":12},"end":{"line":8,"column":50}},"line":8}},"branchMap":{},"s":{"0":0,"1":0,"2":0},"f":{"0":0,"1":0},"b":{},"hash":"a1f059d122edc1611dc6399ed57bc2b90495992d"}
,"/Users/GABIN/Documents/Projects/formations/ReactJs/react-decat-sport/src/utils/styles/assets.js": {"path":"/Users/GABIN/Documents/Projects/formations/ReactJs/react-decat-sport/src/utils/styles/assets.js","statementMap":{"0":{"start":{"line":3,"column":19},"end":{"line":6,"column":1}},"1":{"start":{"line":8,"column":14},"end":{"line":10,"column":1}},"2":{"start":{"line":12,"column":22},"end":{"line":16,"column":1}},"3":{"start":{"line":18,"column":26},"end":{"line":23,"column":1}},"4":{"start":{"line":25,"column":18},"end":{"line":49,"column":1}},"5":{"start":{"line":51,"column":15},"end":{"line":76,"column":1}},"6":{"start":{"line":78,"column":14},"end":{"line":94,"column":1}},"7":{"start":{"line":96,"column":16},"end":{"line":102,"column":1}}},"fnMap":{},"branchMap":{},"s":{"0":0,"1":0,"2":0,"3":0,"4":0,"5":0,"6":0,"7":0},"f":{},"b":{},"hash":"60d1bd5bae9b167e11ef167c2033704ee4356d35"}
,"/Users/GABIN/Documents/Projects/formations/ReactJs/react-decat-sport/src/utils/styles/button.js": {"path":"/Users/GABIN/Documents/Projects/formations/ReactJs/react-decat-sport/src/utils/styles/button.js","statementMap":{"0":{"start":{"line":4,"column":15},"end":{"line":38,"column":1}},"1":{"start":{"line":40,"column":21},"end":{"line":45,"column":1}},"2":{"start":{"line":47,"column":19},"end":{"line":52,"column":1}},"3":{"start":{"line":54,"column":23},"end":{"line":59,"column":1}},"4":{"start":{"line":61,"column":16},"end":{"line":72,"column":1}},"5":{"start":{"line":74,"column":21},"end":{"line":80,"column":1}},"6":{"start":{"line":82,"column":20},"end":{"line":88,"column":1}},"7":{"start":{"line":90,"column":18},"end":{"line":93,"column":1}},"8":{"start":{"line":95,"column":19},"end":{"line":98,"column":1}}},"fnMap":{},"branchMap":{},"s":{"0":0,"1":0,"2":0,"3":0,"4":0,"5":0,"6":0,"7":0,"8":0},"f":{},"b":{},"hash":"09e478dc7bd5f1ea993396db602888cb7dc5d3fc"}
,"/Users/GABIN/Documents/Projects/formations/ReactJs/react-decat-sport/src/utils/styles/form.js": {"path":"/Users/GABIN/Documents/Projects/formations/ReactJs/react-decat-sport/src/utils/styles/form.js","statementMap":{"0":{"start":{"line":6,"column":13},"end":{"line":12,"column":1}},"1":{"start":{"line":14,"column":14},"end":{"line":22,"column":1}},"2":{"start":{"line":24,"column":14},"end":{"line":41,"column":1}}},"fnMap":{},"branchMap":{},"s":{"0":0,"1":0,"2":0},"f":{},"b":{},"hash":"e4d173c01fca108424d71b914160d24e1fa1f7aa"}
,"/Users/GABIN/Documents/Projects/formations/ReactJs/react-decat-sport/src/utils/styles/image.js": {"path":"/Users/GABIN/Documents/Projects/formations/ReactJs/react-decat-sport/src/utils/styles/image.js","statementMap":{"0":{"start":{"line":3,"column":23},"end":{"line":6,"column":1}}},"fnMap":{},"branchMap":{},"s":{"0":0},"f":{},"b":{},"hash":"4b758c55b116f4027d4a31f5d764888696adb6d9"}
,"/Users/GABIN/Documents/Projects/formations/ReactJs/react-decat-sport/src/utils/styles/loader.js": {"path":"/Users/GABIN/Documents/Projects/formations/ReactJs/react-decat-sport/src/utils/styles/loader.js","statementMap":{"0":{"start":{"line":5,"column":15},"end":{"line":12,"column":1}},"1":{"start":{"line":14,"column":15},"end":{"line":29,"column":1}}},"fnMap":{},"branchMap":{},"s":{"0":0,"1":0},"f":{},"b":{},"hash":"737b843457c93f93ac676425350cf4521e148cdc"}
,"/Users/GABIN/Documents/Projects/formations/ReactJs/react-decat-sport/src/utils/styles/navigation.js": {"path":"/Users/GABIN/Documents/Projects/formations/ReactJs/react-decat-sport/src/utils/styles/navigation.js","statementMap":{"0":{"start":{"line":4,"column":15},"end":{"line":9,"column":1}},"1":{"start":{"line":11,"column":16},"end":{"line":19,"column":1}}},"fnMap":{},"branchMap":{},"s":{"0":0,"1":0},"f":{},"b":{},"hash":"8972685e9b67653f1345961cd4af22beb4ea9bce"}
,"/Users/GABIN/Documents/Projects/formations/ReactJs/react-decat-sport/src/utils/styles/paragraph.js": {"path":"/Users/GABIN/Documents/Projects/formations/ReactJs/react-decat-sport/src/utils/styles/paragraph.js","statementMap":{"0":{"start":{"line":3,"column":20},"end":{"line":7,"column":1}}},"fnMap":{},"branchMap":{},"s":{"0":0},"f":{},"b":{},"hash":"1990a0353c2347ba0dc8a1ed6cccd1b41e8d80c3"}
,"/Users/GABIN/Documents/Projects/formations/ReactJs/react-decat-sport/src/utils/styles/section.js": {"path":"/Users/GABIN/Documents/Projects/formations/ReactJs/react-decat-sport/src/utils/styles/section.js","statementMap":{"0":{"start":{"line":4,"column":13},"end":{"line":10,"column":1}},"1":{"start":{"line":12,"column":13},"end":{"line":15,"column":1}},"2":{"start":{"line":17,"column":21},"end":{"line":20,"column":1}},"3":{"start":{"line":22,"column":18},"end":{"line":26,"column":1}},"4":{"start":{"line":28,"column":16},"end":{"line":30,"column":1}},"5":{"start":{"line":32,"column":14},"end":{"line":35,"column":1}},"6":{"start":{"line":37,"column":13},"end":{"line":41,"column":1}},"7":{"start":{"line":43,"column":20},"end":{"line":45,"column":1}}},"fnMap":{},"branchMap":{},"s":{"0":0,"1":0,"2":0,"3":0,"4":0,"5":0,"6":0,"7":0},"f":{},"b":{},"hash":"1124b56744658912e633ad1329f9a201ce69a151"}
,"/Users/GABIN/Documents/Projects/formations/ReactJs/react-decat-sport/src/utils/styles/title.js": {"path":"/Users/GABIN/Documents/Projects/formations/ReactJs/react-decat-sport/src/utils/styles/title.js","statementMap":{"0":{"start":{"line":4,"column":21},"end":{"line":8,"column":1}},"1":{"start":{"line":10,"column":14},"end":{"line":15,"column":1}},"2":{"start":{"line":17,"column":19},"end":{"line":22,"column":1}},"3":{"start":{"line":24,"column":18},"end":{"line":26,"column":1}}},"fnMap":{},"branchMap":{},"s":{"0":0,"1":0,"2":0,"3":0},"f":{},"b":{},"hash":"ce0c16353674a8b721aaf81214605626be993adb"}
}
